\BOOKMARK [0][-]{chapter.1}{Introduction}{}% 1
\BOOKMARK [1][-]{section.1.1}{Assignment description}{chapter.1}% 2
\BOOKMARK [1][-]{section.1.2}{The NS-3 network simulator}{chapter.1}% 3
\BOOKMARK [1][-]{section.1.3}{802.11b specification}{chapter.1}% 4
\BOOKMARK [1][-]{section.1.4}{Github page}{chapter.1}% 5
\BOOKMARK [0][-]{chapter.2}{project description}{}% 6
\BOOKMARK [1][-]{section.2.1}{Objective}{chapter.2}% 7
\BOOKMARK [1][-]{section.2.2}{Hypothesis}{chapter.2}% 8
\BOOKMARK [0][-]{chapter.3}{Implementation}{}% 9
\BOOKMARK [1][-]{section.3.1}{Overview}{chapter.3}% 10
\BOOKMARK [1][-]{section.3.2}{Script description}{chapter.3}% 11
\BOOKMARK [0][-]{chapter.4}{Results}{}% 12
\BOOKMARK [1][-]{section.4.1}{Througput vs. Stations per Access Points}{chapter.4}% 13
\BOOKMARK [1][-]{section.4.2}{Throughput vs. packet size}{chapter.4}% 14
\BOOKMARK [0][-]{chapter.5}{Conclusion}{}% 15
\BOOKMARK [0][-]{chapter.6}{Reflection and tips}{}% 16
\BOOKMARK [1][-]{section.6.1}{About the randomness in the mobility models}{chapter.6}% 17
\BOOKMARK [1][-]{section.6.2}{Experience with NS3}{chapter.6}% 18
\BOOKMARK [1][-]{section.6.3}{Project road map}{chapter.6}% 19
\BOOKMARK [1][-]{section.6.4}{Tips}{chapter.6}% 20
\BOOKMARK [0][-]{chapter.7}{Simulation}{}% 21
\BOOKMARK [0][-]{appendix*.5}{Bibliography}{}% 22
